Watching for file changes with StatReloader
/Users/ianschuepbach/CodeProjects/lunch-buddy/lunchbuddy/__init__.py changed, reloading.
Watching for file changes with StatReloader
Not Found: /favicon.ico
/Users/ianschuepbach/CodeProjects/lunch-buddy/lunchbuddy/urls.py changed, reloading.
Watching for file changes with StatReloader
/Users/ianschuepbach/CodeProjects/lunch-buddy/meals/forms.py changed, reloading.
Watching for file changes with StatReloader
/Users/ianschuepbach/CodeProjects/lunch-buddy/meals/urls.py changed, reloading.
Watching for file changes with StatReloader
/Users/ianschuepbach/CodeProjects/lunch-buddy/meals/views.py changed, reloading.
Watching for file changes with StatReloader
Watching for file changes with StatReloader
/Users/ianschuepbach/CodeProjects/lunch-buddy/lunchbuddy/urls.py changed, reloading.
Watching for file changes with StatReloader
Watching for file changes with StatReloader
/Users/ianschuepbach/CodeProjects/lunch-buddy/planning/models.py changed, reloading.
Watching for file changes with StatReloader
Watching for file changes with StatReloader
Watching for file changes with StatReloader
